2018-10-12 14:59:25.265; INFO; 15704; MainProcess; MainThread; Command Line Arguments = 
	Expeditor DSD_Analytics.csv --outputDir DSD_Analytics_Expeditor -overwrite -nocollect -np 4 -ntpp 1 --hashed -killflagfile C:/Users/began/AppData/Local/Temp/semuKillFiled11372
2018-10-12 14:59:25.275; INFO; 15704; MainProcess; MainThread; Run header = [(0, 'Runs'), (1, '2.1.15:thickness'), (2, '2.1.15:type.conformal.lateralRatio'), (3, '2.1.9:lithography.dimensionalBias.xBias'), (4, '2.1.9:thickness'), (5, "2.2.9.2.2:materials['/Organics/'].etchType.sputter.maxYieldAngle"), (6, "2.2.9.2.2:materials['/Organics/'].etchType.sputter.sputterRatio"), (7, "2.2.9.2.2:materials['/Silicon/'].etchRatio"), (8, "2.2.9.2.2:materials['/Silicon/'].etchType.taper.sidewallAngle"), (9, "2.2.9.2.2:materials['/Silicon/'].lateralRatio")]
2018-10-12 14:59:25.275; INFO; 15704; MainProcess; MainThread; Step Names header = []
2018-10-12 14:59:26.884; INFO; 15704; MainProcess; MainThread; variables header = ['2.1.15:thickness', '2.1.15:type.conformal.lateralRatio', '2.1.9:lithography.dimensionalBias.xBias', '2.1.9:thickness', "2.2.9.2.2:materials['/Organics/'].etchType.sputter.maxYieldAngle", "2.2.9.2.2:materials['/Organics/'].etchType.sputter.sputterRatio", "2.2.9.2.2:materials['/Silicon/'].etchRatio", "2.2.9.2.2:materials['/Silicon/'].etchType.taper.sidewallAngle", "2.2.9.2.2:materials['/Silicon/'].lateralRatio"]
2018-10-12 14:59:28.496; INFO; 15704; MainProcess; MainThread; Sorted variables header excluding commented ones = ['2.1.15:thickness', '2.1.15:type.conformal.lateralRatio', '2.1.9:lithography.dimensionalBias.xBias', '2.1.9:thickness', "2.2.9.2.2:materials['/Organics/'].etchType.sputter.maxYieldAngle", "2.2.9.2.2:materials['/Organics/'].etchType.sputter.sputterRatio", "2.2.9.2.2:materials['/Silicon/'].etchRatio", "2.2.9.2.2:materials['/Silicon/'].etchType.taper.sidewallAngle", "2.2.9.2.2:materials['/Silicon/'].lateralRatio"]
2018-10-12 14:59:30.75; INFO; 15704; MainProcess; MainThread; Last row reached. Exiting the reader
2018-10-12 14:59:30.85; INFO; 15704; MainProcess; MainThread; Runs directory = .\DSD_Analytics_Expeditor\DSD_Analytics_Expeditor-Runs
2018-10-12 14:59:31.506; INFO; 15704; MainProcess; MainThread; No Layer Map file has been provided for C:\Users\began\Documents\Product_80\New_Tutorial\DSD\14nmFinFET.cat
2018-10-12 14:59:31.506; INFO; 15704; MainProcess; MainThread; Default layout is LayoutFiles(LayoutFile='C:\\Users\\began\\Documents\\Product_80\\New_Tutorial\\DSD\\14nmFinFET.cat', LayerMapFile=None)
2018-10-12 14:59:31.506; SHOW_USER; 15704; MainProcess; MainThread; Creating layout directory 14nmFinFET
2018-10-12 14:59:31.506; INFO; 15704; MainProcess; MainThread; Mask file is C:\Users\began\Documents\Product_80\New_Tutorial\DSD\14nmFinFET.cat
2018-10-12 14:59:31.506; INFO; 15704; MainProcess; MainThread; Mask file is C:\Users\began\Documents\Product_80\New_Tutorial\DSD\DSD_Analytics\DSD_Analytics_Expeditor\DSD_Analytics_Expeditor-Runs\14nmFinFET\14nmFinFET.gds
2018-10-12 14:59:31.506; INFO; 15704; MainProcess; MainThread; Mask file is C:\Users\began\Documents\Product_80\New_Tutorial\DSD\DSD_Analytics\DSD_Analytics_Expeditor\DSD_Analytics_Expeditor-Runs\14nmFinFET\14nmFinFET-layermap.txt
2018-10-12 14:59:32.868; INFO; 15704; MainProcess; MainThread; No Analysis file has been provided
2018-10-12 14:59:35.170; INFO; 15704; MainProcess; MainThread; Using default layout file for run Run-0
2018-10-12 14:59:35.170; INFO; 15704; MainProcess; MainThread; Using default layout file for run Run-1
2018-10-12 14:59:35.170; INFO; 15704; MainProcess; MainThread; Using default layout file for run Run-2
2018-10-12 14:59:35.170; INFO; 15704; MainProcess; MainThread; Using default layout file for run Run-3
2018-10-12 14:59:35.170; INFO; 15704; MainProcess; MainThread; Using default layout file for run Run-4
2018-10-12 14:59:35.170; INFO; 15704; MainProcess; MainThread; Using default layout file for run Run-5
2018-10-12 14:59:35.170; INFO; 15704; MainProcess; MainThread; Using default layout file for run Run-6
2018-10-12 14:59:35.170; INFO; 15704; MainProcess; MainThread; Using default layout file for run Run-7
2018-10-12 14:59:35.170; INFO; 15704; MainProcess; MainThread; Using default layout file for run Run-8
2018-10-12 14:59:35.170; INFO; 15704; MainProcess; MainThread; Using default layout file for run Run-9
2018-10-12 14:59:35.170; INFO; 15704; MainProcess; MainThread; Using default layout file for run Run-10
2018-10-12 14:59:35.170; INFO; 15704; MainProcess; MainThread; Using default layout file for run Run-11
2018-10-12 14:59:35.170; INFO; 15704; MainProcess; MainThread; Using default layout file for run Run-12
2018-10-12 14:59:35.170; INFO; 15704; MainProcess; MainThread; Using default layout file for run Run-13
2018-10-12 14:59:35.170; INFO; 15704; MainProcess; MainThread; Using default layout file for run Run-14
2018-10-12 14:59:35.170; INFO; 15704; MainProcess; MainThread; Using default layout file for run Run-15
2018-10-12 14:59:35.170; INFO; 15704; MainProcess; MainThread; Using default layout file for run Run-16
2018-10-12 14:59:35.170; INFO; 15704; MainProcess; MainThread; Using default layout file for run Run-17
2018-10-12 14:59:35.170; INFO; 15704; MainProcess; MainThread; Using default layout file for run Run-18
2018-10-12 14:59:35.170; INFO; 15704; MainProcess; MainThread; Using default layout file for run Run-19
2018-10-12 14:59:35.170; INFO; 15704; MainProcess; MainThread; Using default layout file for run Run-20
2018-10-12 14:59:35.170; INFO; 15704; MainProcess; MainThread; Dependency Tree generated based on input spreadsheet:
2018-10-12 14:59:35.250; INFO; 15704; MainProcess; MainThread; 
{('2.1.9:thickness',): {('50.0',): {('2.1.9:lithography.dimensionalBias.xBias',): {('-4.0',): {('2.1.15:thickness',): {('35.0',): {('2.1.15:type.conformal.lateralRatio',): {('0.5',): {("2.2.9.2.2:materials['/Organics/'].etchType.sputter.sputterRatio",): {('0.1',): {("2.2.9.2.2:materials['/Organics/'].etchType.sputter.maxYieldAngle",): {('60.0',): {("2.2.9.2.2:materials['/Silicon/'].etchRatio",): {('1.0',): {("2.2.9.2.2:materials['/Silicon/'].lateralRatio",): {('0.02',): {("2.2.9.2.2:materials['/Silicon/'].etchType.taper.sidewallAngle",): {('7.0',): {'$': TrieLeaf(ListOfLabels=['Run-15'])}}}}}}}}}}},
                                                                                                                                                                             ('0.7',): {("2.2.9.2.2:materials['/Organics/'].etchType.sputter.sputterRatio",): {('0.3',): {("2.2.9.2.2:materials['/Organics/'].etchType.sputter.maxYieldAngle",): {('40.0',): {("2.2.9.2.2:materials['/Silicon/'].etchRatio",): {('0.9',): {("2.2.9.2.2:materials['/Silicon/'].lateralRatio",): {('0.03',): {("2.2.9.2.2:materials['/Silicon/'].etchType.taper.sidewallAngle",): {('7.0',): {'$': TrieLeaf(ListOfLabels=['Run-5'])}}}}}}}}}}}}},
                                                                                                                       ('45.0',): {('2.1.15:type.conformal.lateralRatio',): {('0.6',): {("2.2.9.2.2:materials['/Organics/'].etchType.sputter.sputterRatio",): {('0.3',): {("2.2.9.2.2:materials['/Organics/'].etchType.sputter.maxYieldAngle",): {('60.0',): {("2.2.9.2.2:materials['/Silicon/'].etchRatio",): {('1.0',): {("2.2.9.2.2:materials['/Silicon/'].lateralRatio",): {('0.01',): {("2.2.9.2.2:materials['/Silicon/'].etchType.taper.sidewallAngle",): {('3.0',): {'$': TrieLeaf(ListOfLabels=['Run-3'])}}}}}}}}}}},
                                                                                                                                                                             ('0.7',): {("2.2.9.2.2:materials['/Organics/'].etchType.sputter.sputterRatio",): {('0.1',): {("2.2.9.2.2:materials['/Organics/'].etchType.sputter.maxYieldAngle",): {('50.0',): {("2.2.9.2.2:materials['/Silicon/'].etchRatio",): {('0.8',): {("2.2.9.2.2:materials['/Silicon/'].lateralRatio",): {('0.03',): {("2.2.9.2.2:materials['/Silicon/'].etchType.taper.sidewallAngle",): {('3.0',): {'$': TrieLeaf(ListOfLabels=['Run-11'])}}}}}}}}}}}}}}},
                                                                                   ('0.0',): {('2.1.15:thickness',): {('45.0',): {('2.1.15:type.conformal.lateralRatio',): {('0.5',): {("2.2.9.2.2:materials['/Organics/'].etchType.sputter.sputterRatio",): {('0.3',): {("2.2.9.2.2:materials['/Organics/'].etchType.sputter.maxYieldAngle",): {('40.0',): {("2.2.9.2.2:materials['/Silicon/'].etchRatio",): {('0.8',): {("2.2.9.2.2:materials['/Silicon/'].lateralRatio",): {('0.01',): {("2.2.9.2.2:materials['/Silicon/'].etchType.taper.sidewallAngle",): {('7.0',): {'$': TrieLeaf(ListOfLabels=['Run-17'])}}}}}}}}}}}}}}},
                                                                                   ('4.0',): {('2.1.15:thickness',): {('35.0',): {('2.1.15:type.conformal.lateralRatio',): {('0.5',): {("2.2.9.2.2:materials['/Organics/'].etchType.sputter.sputterRatio",): {('0.3',): {("2.2.9.2.2:materials['/Organics/'].etchType.sputter.maxYieldAngle",): {('60.0',): {("2.2.9.2.2:materials['/Silicon/'].etchRatio",): {('0.8',): {("2.2.9.2.2:materials['/Silicon/'].lateralRatio",): {('0.03',): {("2.2.9.2.2:materials['/Silicon/'].etchType.taper.sidewallAngle",): {('3.0',): {'$': TrieLeaf(ListOfLabels=['Run-19'])}}}}}}}}}}},
                                                                                                                                                                            ('0.7',): {("2.2.9.2.2:materials['/Organics/'].etchType.sputter.sputterRatio",): {('0.2',): {("2.2.9.2.2:materials['/Organics/'].etchType.sputter.maxYieldAngle",): {('40.0',): {("2.2.9.2.2:materials['/Silicon/'].etchRatio",): {('1.0',): {("2.2.9.2.2:materials['/Silicon/'].lateralRatio",): {('0.01',): {("2.2.9.2.2:materials['/Silicon/'].etchType.taper.sidewallAngle",): {('3.0',): {'$': TrieLeaf(ListOfLabels=['Run-7'])}}}}}}}}}}}}},
                                                                                                                      ('40.0',): {('2.1.15:type.conformal.lateralRatio',): {('0.7',): {("2.2.9.2.2:materials['/Organics/'].etchType.sputter.sputterRatio",): {('0.1',): {("2.2.9.2.2:materials['/Organics/'].etchType.sputter.maxYieldAngle",): {('60.0',): {("2.2.9.2.2:materials['/Silicon/'].etchRatio",): {('0.8',): {("2.2.9.2.2:materials['/Silicon/'].lateralRatio",): {('0.01',): {("2.2.9.2.2:materials['/Silicon/'].etchType.taper.sidewallAngle",): {('7.0',): {'$': TrieLeaf(ListOfLabels=['Run-9'])}}}}}}}}}}}}},
                                                                                                                      ('45.0',): {('2.1.15:type.conformal.lateralRatio',): {('0.5',): {("2.2.9.2.2:materials['/Organics/'].etchType.sputter.sputterRatio",): {('0.1',): {("2.2.9.2.2:materials['/Organics/'].etchType.sputter.maxYieldAngle",): {('40.0',): {("2.2.9.2.2:materials['/Silicon/'].etchRatio",): {('1.0',): {("2.2.9.2.2:materials['/Silicon/'].lateralRatio",): {('0.03',): {("2.2.9.2.2:materials['/Silicon/'].etchType.taper.sidewallAngle",): {('5.0',): {'$': TrieLeaf(ListOfLabels=['Run-13'])}}}}}}}}}}}}}}}}},
                        ('70.0',): {('2.1.9:lithography.dimensionalBias.xBias',): {('-4.0',): {('2.1.15:thickness',): {('35.0',): {('2.1.15:type.conformal.lateralRatio',): {('0.5',): {("2.2.9.2.2:materials['/Organics/'].etchType.sputter.sputterRatio",): {('0.1',): {("2.2.9.2.2:materials['/Organics/'].etchType.sputter.maxYieldAngle",): {('40.0',): {("2.2.9.2.2:materials['/Silicon/'].etchRatio",): {('0.8',): {("2.2.9.2.2:materials['/Silicon/'].lateralRatio",): {('0.01',): {("2.2.9.2.2:materials['/Silicon/'].etchType.taper.sidewallAngle",): {('3.0',): {'$': TrieLeaf(ListOfLabels=['Run-1'])}}}}}}}}}}}}}}},
                                                                                   ('0.0',): {('2.1.15:thickness',): {('40.0',): {('2.1.15:type.conformal.lateralRatio',): {('0.6',): {("2.2.9.2.2:materials['/Organics/'].etchType.sputter.sputterRatio",): {('0.2',): {("2.2.9.2.2:materials['/Organics/'].etchType.sputter.maxYieldAngle",): {('50.0',): {("2.2.9.2.2:materials['/Silicon/'].etchRatio",): {('0.9',): {("2.2.9.2.2:materials['/Silicon/'].lateralRatio",): {('0.02',): {("2.2.9.2.2:materials['/Silicon/'].etchType.taper.sidewallAngle",): {('5.0',): {'$': TrieLeaf(ListOfLabels=['Run-20'])}}}}}}}}}}}}}}},
                                                                                   ('4.0',): {('2.1.15:thickness',): {('45.0',): {('2.1.15:type.conformal.lateralRatio',): {('0.7',): {("2.2.9.2.2:materials['/Organics/'].etchType.sputter.sputterRatio",): {('0.3',): {("2.2.9.2.2:materials['/Organics/'].etchType.sputter.maxYieldAngle",): {('60.0',): {("2.2.9.2.2:materials['/Silicon/'].etchRatio",): {('1.0',): {("2.2.9.2.2:materials['/Silicon/'].lateralRatio",): {('0.03',): {("2.2.9.2.2:materials['/Silicon/'].etchType.taper.sidewallAngle",): {('7.0',): {'$': TrieLeaf(ListOfLabels=['Run-0'])}}}}}}}}}}}}}}}}},
                        ('90.0',): {('2.1.9:lithography.dimensionalBias.xBias',): {('-4.0',): {('2.1.15:thickness',): {('35.0',): {('2.1.15:type.conformal.lateralRatio',): {('0.7',): {("2.2.9.2.2:materials['/Organics/'].etchType.sputter.sputterRatio",): {('0.3',): {("2.2.9.2.2:materials['/Organics/'].etchType.sputter.maxYieldAngle",): {('60.0',): {("2.2.9.2.2:materials['/Silicon/'].etchRatio",): {('0.8',): {("2.2.9.2.2:materials['/Silicon/'].lateralRatio",): {('0.01',): {("2.2.9.2.2:materials['/Silicon/'].etchType.taper.sidewallAngle",): {('5.0',): {'$': TrieLeaf(ListOfLabels=['Run-12'])}}}}}}}}}}}}},
                                                                                                                       ('40.0',): {('2.1.15:type.conformal.lateralRatio',): {('0.5',): {("2.2.9.2.2:materials['/Organics/'].etchType.sputter.sputterRatio",): {('0.3',): {("2.2.9.2.2:materials['/Organics/'].etchType.sputter.maxYieldAngle",): {('40.0',): {("2.2.9.2.2:materials['/Silicon/'].etchRatio",): {('1.0',): {("2.2.9.2.2:materials['/Silicon/'].lateralRatio",): {('0.03',): {("2.2.9.2.2:materials['/Silicon/'].etchType.taper.sidewallAngle",): {('3.0',): {'$': TrieLeaf(ListOfLabels=['Run-8'])}}}}}}}}}}}}},
                                                                                                                       ('45.0',): {('2.1.15:type.conformal.lateralRatio',): {('0.5',): {("2.2.9.2.2:materials['/Organics/'].etchType.sputter.sputterRatio",): {('0.2',): {("2.2.9.2.2:materials['/Organics/'].etchType.sputter.maxYieldAngle",): {('60.0',): {("2.2.9.2.2:materials['/Silicon/'].etchRatio",): {('0.8',): {("2.2.9.2.2:materials['/Silicon/'].lateralRatio",): {('0.03',): {("2.2.9.2.2:materials['/Silicon/'].etchType.taper.sidewallAngle",): {('7.0',): {'$': TrieLeaf(ListOfLabels=['Run-6'])}}}}}}}}}}},
                                                                                                                                                                             ('0.7',): {("2.2.9.2.2:materials['/Organics/'].etchType.sputter.sputterRatio",): {('0.1',): {("2.2.9.2.2:materials['/Organics/'].etchType.sputter.maxYieldAngle",): {('40.0',): {("2.2.9.2.2:materials['/Silicon/'].etchRatio",): {('1.0',): {("2.2.9.2.2:materials['/Silicon/'].lateralRatio",): {('0.01',): {("2.2.9.2.2:materials['/Silicon/'].etchType.taper.sidewallAngle",): {('7.0',): {'$': TrieLeaf(ListOfLabels=['Run-18'])}}}}}}}}}}}}}}},
                                                                                   ('0.0',): {('2.1.15:thickness',): {('35.0',): {('2.1.15:type.conformal.lateralRatio',): {('0.7',): {("2.2.9.2.2:materials['/Organics/'].etchType.sputter.sputterRatio",): {('0.1',): {("2.2.9.2.2:materials['/Organics/'].etchType.sputter.maxYieldAngle",): {('60.0',): {("2.2.9.2.2:materials['/Silicon/'].etchRatio",): {('1.0',): {("2.2.9.2.2:materials['/Silicon/'].lateralRatio",): {('0.03',): {("2.2.9.2.2:materials['/Silicon/'].etchType.taper.sidewallAngle",): {('3.0',): {'$': TrieLeaf(ListOfLabels=['Run-16'])}}}}}}}}}}}}}}},
                                                                                   ('4.0',): {('2.1.15:thickness',): {('35.0',): {('2.1.15:type.conformal.lateralRatio',): {('0.5',): {("2.2.9.2.2:materials['/Organics/'].etchType.sputter.sputterRatio",): {('0.3',): {("2.2.9.2.2:materials['/Organics/'].etchType.sputter.maxYieldAngle",): {('50.0',): {("2.2.9.2.2:materials['/Silicon/'].etchRatio",): {('1.0',): {("2.2.9.2.2:materials['/Silicon/'].lateralRatio",): {('0.01',): {("2.2.9.2.2:materials['/Silicon/'].etchType.taper.sidewallAngle",): {('7.0',): {'$': TrieLeaf(ListOfLabels=['Run-10'])}}}}}}}}}}},
                                                                                                                                                                            ('0.6',): {("2.2.9.2.2:materials['/Organics/'].etchType.sputter.sputterRatio",): {('0.1',): {("2.2.9.2.2:materials['/Organics/'].etchType.sputter.maxYieldAngle",): {('40.0',): {("2.2.9.2.2:materials['/Silicon/'].etchRatio",): {('0.8',): {("2.2.9.2.2:materials['/Silicon/'].lateralRatio",): {('0.03',): {("2.2.9.2.2:materials['/Silicon/'].etchType.taper.sidewallAngle",): {('7.0',): {'$': TrieLeaf(ListOfLabels=['Run-2'])}}}}}}}}}}}}},
                                                                                                                      ('45.0',): {('2.1.15:type.conformal.lateralRatio',): {('0.5',): {("2.2.9.2.2:materials['/Organics/'].etchType.sputter.sputterRatio",): {('0.1',): {("2.2.9.2.2:materials['/Organics/'].etchType.sputter.maxYieldAngle",): {('60.0',): {("2.2.9.2.2:materials['/Silicon/'].etchRatio",): {('0.9',): {("2.2.9.2.2:materials['/Silicon/'].lateralRatio",): {('0.01',): {("2.2.9.2.2:materials['/Silicon/'].etchType.taper.sidewallAngle",): {('3.0',): {'$': TrieLeaf(ListOfLabels=['Run-4'])}}}}}}}}}}},
                                                                                                                                                                            ('0.7',): {("2.2.9.2.2:materials['/Organics/'].etchType.sputter.sputterRatio",): {('0.3',): {("2.2.9.2.2:materials['/Organics/'].etchType.sputter.maxYieldAngle",): {('40.0',): {("2.2.9.2.2:materials['/Silicon/'].etchRatio",): {('0.8',): {("2.2.9.2.2:materials['/Silicon/'].lateralRatio",): {('0.02',): {("2.2.9.2.2:materials['/Silicon/'].etchType.taper.sidewallAngle",): {('3.0',): {'$': TrieLeaf(ListOfLabels=['Run-14'])}}}}}}}}}}}}}}}}}}}
2018-10-12 14:59:35.250; SHOW_USER; 15704; MainProcess; MainThread; Expeditor will use the default build launcher
2018-10-12 14:59:41.401; INFO; 15704; MainProcess; MainThread; Creating 4 ExpeditorProcesses
2018-10-12 15:40:22.647; INFO; 15704; MainProcess; MainThread; sending shutdown message to manager
2018-10-12 15:40:23.84; SHOW_USER; 15704; MainProcess; MainThread; Expeditor Run Time Statistics
2018-10-12 15:40:23.84; SHOW_USER; 15704; MainProcess; MainThread; ---------------------------------
2018-10-12 15:40:23.84; SHOW_USER; 15704; MainProcess; MainThread; 21 runs succeeded out of 21, 0 runs failed
2018-10-12 15:40:23.84; PROFILE; 15704; MainProcess; MainThread; RunId=Run-3, RunDuration=0:09:53 (H:M:S)
2018-10-12 15:40:23.84; PROFILE; 15704; MainProcess; MainThread; RunId=Run-6, RunDuration=0:06:36 (H:M:S)
2018-10-12 15:40:23.84; PROFILE; 15704; MainProcess; MainThread; RunId=Run-1, RunDuration=0:06:18 (H:M:S)
2018-10-12 15:40:23.84; PROFILE; 15704; MainProcess; MainThread; RunId=Run-7, RunDuration=0:07:39 (H:M:S)
2018-10-12 15:40:23.84; PROFILE; 15704; MainProcess; MainThread; RunId=Run-4, RunDuration=0:08:23 (H:M:S)
2018-10-12 15:40:23.84; PROFILE; 15704; MainProcess; MainThread; RunId=Run-5, RunDuration=0:06:54 (H:M:S)
2018-10-12 15:40:23.84; PROFILE; 15704; MainProcess; MainThread; RunId=Run-2, RunDuration=0:05:55 (H:M:S)
2018-10-12 15:40:23.84; PROFILE; 15704; MainProcess; MainThread; RunId=Run-0, RunDuration=0:09:16 (H:M:S)
2018-10-12 15:40:23.84; PROFILE; 15704; MainProcess; MainThread; RunId=Run-20, RunDuration=0:06:43 (H:M:S)
2018-10-12 15:40:23.84; PROFILE; 15704; MainProcess; MainThread; RunId=Run-8, RunDuration=0:06:51 (H:M:S)
2018-10-12 15:40:23.84; PROFILE; 15704; MainProcess; MainThread; RunId=Run-19, RunDuration=0:05:06 (H:M:S)
2018-10-12 15:40:23.84; PROFILE; 15704; MainProcess; MainThread; RunId=Run-18, RunDuration=0:08:39 (H:M:S)
2018-10-12 15:40:23.84; PROFILE; 15704; MainProcess; MainThread; RunId=Run-14, RunDuration=0:06:54 (H:M:S)
2018-10-12 15:40:23.84; PROFILE; 15704; MainProcess; MainThread; RunId=Run-15, RunDuration=0:08:08 (H:M:S)
2018-10-12 15:40:23.84; PROFILE; 15704; MainProcess; MainThread; RunId=Run-9, RunDuration=0:06:42 (H:M:S)
2018-10-12 15:40:23.84; PROFILE; 15704; MainProcess; MainThread; RunId=Run-17, RunDuration=0:07:08 (H:M:S)
2018-10-12 15:40:23.84; PROFILE; 15704; MainProcess; MainThread; RunId=Run-16, RunDuration=0:07:17 (H:M:S)
2018-10-12 15:40:23.84; PROFILE; 15704; MainProcess; MainThread; RunId=Run-11, RunDuration=0:05:45 (H:M:S)
2018-10-12 15:40:23.84; PROFILE; 15704; MainProcess; MainThread; RunId=Run-10, RunDuration=0:08:00 (H:M:S)
2018-10-12 15:40:23.84; PROFILE; 15704; MainProcess; MainThread; RunId=Run-13, RunDuration=0:08:04 (H:M:S)
2018-10-12 15:40:23.84; PROFILE; 15704; MainProcess; MainThread; RunId=Run-12, RunDuration=0:06:09 (H:M:S)
2018-10-12 15:40:23.84; PROFILE; 15704; MainProcess; MainThread; Maximum Run Duration (S)=593.059
2018-10-12 15:40:23.84; PROFILE; 15704; MainProcess; MainThread; Minimum Run Duration(S)=306.443
2018-10-12 15:40:23.84; SHOW_USER; 15704; MainProcess; MainThread; Avg. Run time = 0:07:15 (H:M:S)
2018-10-12 15:40:23.84; SHOW_USER; 15704; MainProcess; MainThread; Total time = 0:40:57 (H:M:S)
2018-10-12 15:40:23.98; INFO; 15704; MainProcess; Dummy-1; process shutting down
