2018-10-12 16:29:51.621; INFO; 2480; MainProcess; MainThread; Command Line Arguments = 
	Expeditor FF_PMC_IO_Analytics.csv --outputDir FF_PMC_IO_Analytics_Expeditor -overwrite -nocollect -np 4 -ntpp 1 --hashed -killflagfile C:/Users/began/AppData/Local/Temp/semuKillFiled10900
2018-10-12 16:29:51.653; INFO; 2480; MainProcess; MainThread; Run header = [(0, 'Runs'), (1, '2.1.15:thickness'), (2, '2.1.9:lithography.dimensionalBias.xBias'), (3, "2.2.9.2.2:materials['/Silicon/'].etchType.taper.sidewallAngle")]
2018-10-12 16:29:51.653; INFO; 2480; MainProcess; MainThread; Step Names header = []
2018-10-12 16:29:53.119; INFO; 2480; MainProcess; MainThread; variables header = ['2.1.15:thickness', '2.1.9:lithography.dimensionalBias.xBias', "2.2.9.2.2:materials['/Silicon/'].etchType.taper.sidewallAngle"]
2018-10-12 16:29:54.569; INFO; 2480; MainProcess; MainThread; Sorted variables header excluding commented ones = ['2.1.15:thickness', '2.1.9:lithography.dimensionalBias.xBias', "2.2.9.2.2:materials['/Silicon/'].etchType.taper.sidewallAngle"]
2018-10-12 16:29:55.959; INFO; 2480; MainProcess; MainThread; Last row reached. Exiting the reader
2018-10-12 16:29:55.959; INFO; 2480; MainProcess; MainThread; Runs directory = .\FF_PMC_IO_Analytics_Expeditor\FF_PMC_IO_Analytics_Expeditor-Runs
2018-10-12 16:29:57.315; INFO; 2480; MainProcess; MainThread; No Layer Map file has been provided for C:\Users\began\Documents\Product_80\New_Tutorial\FF_PMC_IO\14nmFinFET.cat
2018-10-12 16:29:57.315; INFO; 2480; MainProcess; MainThread; Default layout is LayoutFiles(LayoutFile='C:\\Users\\began\\Documents\\Product_80\\New_Tutorial\\FF_PMC_IO\\14nmFinFET.cat', LayerMapFile=None)
2018-10-12 16:29:57.315; SHOW_USER; 2480; MainProcess; MainThread; Creating layout directory 14nmFinFET
2018-10-12 16:29:57.315; INFO; 2480; MainProcess; MainThread; Mask file is C:\Users\began\Documents\Product_80\New_Tutorial\FF_PMC_IO\14nmFinFET.cat
2018-10-12 16:29:57.315; INFO; 2480; MainProcess; MainThread; Mask file is C:\Users\began\Documents\Product_80\New_Tutorial\FF_PMC_IO\FF_PMC_IO_Analytics\FF_PMC_IO_Analytics_Expeditor\FF_PMC_IO_Analytics_Expeditor-Runs\14nmFinFET\14nmFinFET.gds
2018-10-12 16:29:57.315; INFO; 2480; MainProcess; MainThread; Mask file is C:\Users\began\Documents\Product_80\New_Tutorial\FF_PMC_IO\FF_PMC_IO_Analytics\FF_PMC_IO_Analytics_Expeditor\FF_PMC_IO_Analytics_Expeditor-Runs\14nmFinFET\14nmFinFET-layermap.txt
2018-10-12 16:29:58.875; INFO; 2480; MainProcess; MainThread; No Analysis file has been provided
2018-10-12 16:30:01.216; INFO; 2480; MainProcess; MainThread; Using default layout file for run Run-0
2018-10-12 16:30:01.216; INFO; 2480; MainProcess; MainThread; Using default layout file for run Run-1
2018-10-12 16:30:01.216; INFO; 2480; MainProcess; MainThread; Using default layout file for run Run-2
2018-10-12 16:30:01.216; INFO; 2480; MainProcess; MainThread; Using default layout file for run Run-3
2018-10-12 16:30:01.216; INFO; 2480; MainProcess; MainThread; Using default layout file for run Run-4
2018-10-12 16:30:01.216; INFO; 2480; MainProcess; MainThread; Using default layout file for run Run-5
2018-10-12 16:30:01.216; INFO; 2480; MainProcess; MainThread; Using default layout file for run Run-6
2018-10-12 16:30:01.216; INFO; 2480; MainProcess; MainThread; Using default layout file for run Run-7
2018-10-12 16:30:01.216; INFO; 2480; MainProcess; MainThread; Using default layout file for run Run-8
2018-10-12 16:30:01.216; INFO; 2480; MainProcess; MainThread; Using default layout file for run Run-9
2018-10-12 16:30:01.216; INFO; 2480; MainProcess; MainThread; Using default layout file for run Run-10
2018-10-12 16:30:01.216; INFO; 2480; MainProcess; MainThread; Using default layout file for run Run-11
2018-10-12 16:30:01.216; INFO; 2480; MainProcess; MainThread; Using default layout file for run Run-12
2018-10-12 16:30:01.216; INFO; 2480; MainProcess; MainThread; Using default layout file for run Run-13
2018-10-12 16:30:01.216; INFO; 2480; MainProcess; MainThread; Using default layout file for run Run-14
2018-10-12 16:30:01.216; INFO; 2480; MainProcess; MainThread; Using default layout file for run Run-15
2018-10-12 16:30:01.216; INFO; 2480; MainProcess; MainThread; Using default layout file for run Run-16
2018-10-12 16:30:01.216; INFO; 2480; MainProcess; MainThread; Using default layout file for run Run-17
2018-10-12 16:30:01.216; INFO; 2480; MainProcess; MainThread; Using default layout file for run Run-18
2018-10-12 16:30:01.216; INFO; 2480; MainProcess; MainThread; Using default layout file for run Run-19
2018-10-12 16:30:01.216; INFO; 2480; MainProcess; MainThread; Using default layout file for run Run-20
2018-10-12 16:30:01.216; INFO; 2480; MainProcess; MainThread; Using default layout file for run Run-21
2018-10-12 16:30:01.216; INFO; 2480; MainProcess; MainThread; Using default layout file for run Run-22
2018-10-12 16:30:01.216; INFO; 2480; MainProcess; MainThread; Using default layout file for run Run-23
2018-10-12 16:30:01.216; INFO; 2480; MainProcess; MainThread; Using default layout file for run Run-24
2018-10-12 16:30:01.216; INFO; 2480; MainProcess; MainThread; Using default layout file for run Run-25
2018-10-12 16:30:01.216; INFO; 2480; MainProcess; MainThread; Using default layout file for run Run-26
2018-10-12 16:30:01.216; INFO; 2480; MainProcess; MainThread; Using default layout file for run Run-27
2018-10-12 16:30:01.216; INFO; 2480; MainProcess; MainThread; Using default layout file for run Run-28
2018-10-12 16:30:01.216; INFO; 2480; MainProcess; MainThread; Using default layout file for run Run-29
2018-10-12 16:30:01.216; INFO; 2480; MainProcess; MainThread; Using default layout file for run Run-30
2018-10-12 16:30:01.216; INFO; 2480; MainProcess; MainThread; Using default layout file for run Run-31
2018-10-12 16:30:01.216; INFO; 2480; MainProcess; MainThread; Using default layout file for run Run-32
2018-10-12 16:30:01.216; INFO; 2480; MainProcess; MainThread; Using default layout file for run Run-33
2018-10-12 16:30:01.216; INFO; 2480; MainProcess; MainThread; Using default layout file for run Run-34
2018-10-12 16:30:01.216; INFO; 2480; MainProcess; MainThread; Using default layout file for run Run-35
2018-10-12 16:30:01.216; INFO; 2480; MainProcess; MainThread; Using default layout file for run Run-36
2018-10-12 16:30:01.216; INFO; 2480; MainProcess; MainThread; Using default layout file for run Run-37
2018-10-12 16:30:01.216; INFO; 2480; MainProcess; MainThread; Using default layout file for run Run-38
2018-10-12 16:30:01.216; INFO; 2480; MainProcess; MainThread; Using default layout file for run Run-39
2018-10-12 16:30:01.216; INFO; 2480; MainProcess; MainThread; Using default layout file for run Run-40
2018-10-12 16:30:01.216; INFO; 2480; MainProcess; MainThread; Using default layout file for run Run-41
2018-10-12 16:30:01.216; INFO; 2480; MainProcess; MainThread; Using default layout file for run Run-42
2018-10-12 16:30:01.216; INFO; 2480; MainProcess; MainThread; Using default layout file for run Run-43
2018-10-12 16:30:01.216; INFO; 2480; MainProcess; MainThread; Using default layout file for run Run-44
2018-10-12 16:30:01.216; INFO; 2480; MainProcess; MainThread; Using default layout file for run Run-45
2018-10-12 16:30:01.216; INFO; 2480; MainProcess; MainThread; Using default layout file for run Run-46
2018-10-12 16:30:01.216; INFO; 2480; MainProcess; MainThread; Using default layout file for run Run-47
2018-10-12 16:30:01.216; INFO; 2480; MainProcess; MainThread; Using default layout file for run Run-48
2018-10-12 16:30:01.216; INFO; 2480; MainProcess; MainThread; Using default layout file for run Run-49
2018-10-12 16:30:01.216; INFO; 2480; MainProcess; MainThread; Using default layout file for run Run-50
2018-10-12 16:30:01.216; INFO; 2480; MainProcess; MainThread; Using default layout file for run Run-51
2018-10-12 16:30:01.216; INFO; 2480; MainProcess; MainThread; Using default layout file for run Run-52
2018-10-12 16:30:01.216; INFO; 2480; MainProcess; MainThread; Using default layout file for run Run-53
2018-10-12 16:30:01.216; INFO; 2480; MainProcess; MainThread; Using default layout file for run Run-54
2018-10-12 16:30:01.216; INFO; 2480; MainProcess; MainThread; Using default layout file for run Run-55
2018-10-12 16:30:01.216; INFO; 2480; MainProcess; MainThread; Using default layout file for run Run-56
2018-10-12 16:30:01.216; INFO; 2480; MainProcess; MainThread; Using default layout file for run Run-57
2018-10-12 16:30:01.216; INFO; 2480; MainProcess; MainThread; Using default layout file for run Run-58
2018-10-12 16:30:01.216; INFO; 2480; MainProcess; MainThread; Using default layout file for run Run-59
2018-10-12 16:30:01.216; INFO; 2480; MainProcess; MainThread; Using default layout file for run Run-60
2018-10-12 16:30:01.216; INFO; 2480; MainProcess; MainThread; Using default layout file for run Run-61
2018-10-12 16:30:01.216; INFO; 2480; MainProcess; MainThread; Using default layout file for run Run-62
2018-10-12 16:30:01.216; INFO; 2480; MainProcess; MainThread; Using default layout file for run Run-63
2018-10-12 16:30:01.216; INFO; 2480; MainProcess; MainThread; Using default layout file for run Run-64
2018-10-12 16:30:01.216; INFO; 2480; MainProcess; MainThread; Using default layout file for run Run-65
2018-10-12 16:30:01.216; INFO; 2480; MainProcess; MainThread; Using default layout file for run Run-66
2018-10-12 16:30:01.216; INFO; 2480; MainProcess; MainThread; Using default layout file for run Run-67
2018-10-12 16:30:01.216; INFO; 2480; MainProcess; MainThread; Using default layout file for run Run-68
2018-10-12 16:30:01.216; INFO; 2480; MainProcess; MainThread; Using default layout file for run Run-69
2018-10-12 16:30:01.216; INFO; 2480; MainProcess; MainThread; Using default layout file for run Run-70
2018-10-12 16:30:01.216; INFO; 2480; MainProcess; MainThread; Using default layout file for run Run-71
2018-10-12 16:30:01.216; INFO; 2480; MainProcess; MainThread; Using default layout file for run Run-72
2018-10-12 16:30:01.216; INFO; 2480; MainProcess; MainThread; Using default layout file for run Run-73
2018-10-12 16:30:01.216; INFO; 2480; MainProcess; MainThread; Using default layout file for run Run-74
2018-10-12 16:30:01.216; INFO; 2480; MainProcess; MainThread; Using default layout file for run Run-75
2018-10-12 16:30:01.216; INFO; 2480; MainProcess; MainThread; Using default layout file for run Run-76
2018-10-12 16:30:01.216; INFO; 2480; MainProcess; MainThread; Using default layout file for run Run-77
2018-10-12 16:30:01.216; INFO; 2480; MainProcess; MainThread; Using default layout file for run Run-78
2018-10-12 16:30:01.216; INFO; 2480; MainProcess; MainThread; Using default layout file for run Run-79
2018-10-12 16:30:01.216; INFO; 2480; MainProcess; MainThread; Using default layout file for run Run-80
2018-10-12 16:30:01.216; INFO; 2480; MainProcess; MainThread; Using default layout file for run Run-81
2018-10-12 16:30:01.216; INFO; 2480; MainProcess; MainThread; Using default layout file for run Run-82
2018-10-12 16:30:01.216; INFO; 2480; MainProcess; MainThread; Using default layout file for run Run-83
2018-10-12 16:30:01.216; INFO; 2480; MainProcess; MainThread; Using default layout file for run Run-84
2018-10-12 16:30:01.216; INFO; 2480; MainProcess; MainThread; Using default layout file for run Run-85
2018-10-12 16:30:01.216; INFO; 2480; MainProcess; MainThread; Using default layout file for run Run-86
2018-10-12 16:30:01.216; INFO; 2480; MainProcess; MainThread; Using default layout file for run Run-87
2018-10-12 16:30:01.216; INFO; 2480; MainProcess; MainThread; Using default layout file for run Run-88
2018-10-12 16:30:01.216; INFO; 2480; MainProcess; MainThread; Using default layout file for run Run-89
2018-10-12 16:30:01.216; INFO; 2480; MainProcess; MainThread; Using default layout file for run Run-90
2018-10-12 16:30:01.216; INFO; 2480; MainProcess; MainThread; Using default layout file for run Run-91
2018-10-12 16:30:01.216; INFO; 2480; MainProcess; MainThread; Using default layout file for run Run-92
2018-10-12 16:30:01.216; INFO; 2480; MainProcess; MainThread; Using default layout file for run Run-93
2018-10-12 16:30:01.216; INFO; 2480; MainProcess; MainThread; Using default layout file for run Run-94
2018-10-12 16:30:01.216; INFO; 2480; MainProcess; MainThread; Using default layout file for run Run-95
2018-10-12 16:30:01.216; INFO; 2480; MainProcess; MainThread; Using default layout file for run Run-96
2018-10-12 16:30:01.216; INFO; 2480; MainProcess; MainThread; Using default layout file for run Run-97
2018-10-12 16:30:01.216; INFO; 2480; MainProcess; MainThread; Using default layout file for run Run-98
2018-10-12 16:30:01.216; INFO; 2480; MainProcess; MainThread; Using default layout file for run Run-99
2018-10-12 16:30:01.216; INFO; 2480; MainProcess; MainThread; Using default layout file for run Run-100
2018-10-12 16:30:01.216; INFO; 2480; MainProcess; MainThread; Using default layout file for run Run-101
2018-10-12 16:30:01.216; INFO; 2480; MainProcess; MainThread; Using default layout file for run Run-102
2018-10-12 16:30:01.216; INFO; 2480; MainProcess; MainThread; Using default layout file for run Run-103
2018-10-12 16:30:01.216; INFO; 2480; MainProcess; MainThread; Using default layout file for run Run-104
2018-10-12 16:30:01.216; INFO; 2480; MainProcess; MainThread; Using default layout file for run Run-105
2018-10-12 16:30:01.216; INFO; 2480; MainProcess; MainThread; Using default layout file for run Run-106
2018-10-12 16:30:01.216; INFO; 2480; MainProcess; MainThread; Using default layout file for run Run-107
2018-10-12 16:30:01.216; INFO; 2480; MainProcess; MainThread; Using default layout file for run Run-108
2018-10-12 16:30:01.216; INFO; 2480; MainProcess; MainThread; Using default layout file for run Run-109
2018-10-12 16:30:01.216; INFO; 2480; MainProcess; MainThread; Using default layout file for run Run-110
2018-10-12 16:30:01.216; INFO; 2480; MainProcess; MainThread; Using default layout file for run Run-111
2018-10-12 16:30:01.216; INFO; 2480; MainProcess; MainThread; Using default layout file for run Run-112
2018-10-12 16:30:01.216; INFO; 2480; MainProcess; MainThread; Using default layout file for run Run-113
2018-10-12 16:30:01.216; INFO; 2480; MainProcess; MainThread; Using default layout file for run Run-114
2018-10-12 16:30:01.216; INFO; 2480; MainProcess; MainThread; Using default layout file for run Run-115
2018-10-12 16:30:01.216; INFO; 2480; MainProcess; MainThread; Using default layout file for run Run-116
2018-10-12 16:30:01.216; INFO; 2480; MainProcess; MainThread; Using default layout file for run Run-117
2018-10-12 16:30:01.216; INFO; 2480; MainProcess; MainThread; Using default layout file for run Run-118
2018-10-12 16:30:01.216; INFO; 2480; MainProcess; MainThread; Using default layout file for run Run-119
2018-10-12 16:30:01.216; INFO; 2480; MainProcess; MainThread; Using default layout file for run Run-120
2018-10-12 16:30:01.216; INFO; 2480; MainProcess; MainThread; Using default layout file for run Run-121
2018-10-12 16:30:01.216; INFO; 2480; MainProcess; MainThread; Using default layout file for run Run-122
2018-10-12 16:30:01.232; INFO; 2480; MainProcess; MainThread; Using default layout file for run Run-123
2018-10-12 16:30:01.232; INFO; 2480; MainProcess; MainThread; Using default layout file for run Run-124
2018-10-12 16:30:01.232; INFO; 2480; MainProcess; MainThread; Dependency Tree generated based on input spreadsheet:
2018-10-12 16:30:01.263; INFO; 2480; MainProcess; MainThread; 
{('2.1.9:lithography.dimensionalBias.xBias',): {('-2.0',): {('2.1.15:thickness',): {('35.0',): {("2.2.9.2.2:materials['/Silicon/'].etchType.taper.sidewallAngle",): {('3.0',): {'$': TrieLeaf(ListOfLabels=['Run-5'])},
                                                                                                                                                                     ('4.0',): {'$': TrieLeaf(ListOfLabels=['Run-6'])},
                                                                                                                                                                     ('5.0',): {'$': TrieLeaf(ListOfLabels=['Run-7'])},
                                                                                                                                                                     ('6.0',): {'$': TrieLeaf(ListOfLabels=['Run-8'])},
                                                                                                                                                                     ('7.0',): {'$': TrieLeaf(ListOfLabels=['Run-9'])}}},
                                                                                    ('37.5',): {("2.2.9.2.2:materials['/Silicon/'].etchType.taper.sidewallAngle",): {('3.0',): {'$': TrieLeaf(ListOfLabels=['Run-30'])},
                                                                                                                                                                     ('4.0',): {'$': TrieLeaf(ListOfLabels=['Run-31'])},
                                                                                                                                                                     ('5.0',): {'$': TrieLeaf(ListOfLabels=['Run-32'])},
                                                                                                                                                                     ('6.0',): {'$': TrieLeaf(ListOfLabels=['Run-33'])},
                                                                                                                                                                     ('7.0',): {'$': TrieLeaf(ListOfLabels=['Run-34'])}}},
                                                                                    ('40.0',): {("2.2.9.2.2:materials['/Silicon/'].etchType.taper.sidewallAngle",): {('3.0',): {'$': TrieLeaf(ListOfLabels=['Run-55'])},
                                                                                                                                                                     ('4.0',): {'$': TrieLeaf(ListOfLabels=['Run-56'])},
                                                                                                                                                                     ('5.0',): {'$': TrieLeaf(ListOfLabels=['Run-57'])},
                                                                                                                                                                     ('6.0',): {'$': TrieLeaf(ListOfLabels=['Run-58'])},
                                                                                                                                                                     ('7.0',): {'$': TrieLeaf(ListOfLabels=['Run-59'])}}},
                                                                                    ('42.5',): {("2.2.9.2.2:materials['/Silicon/'].etchType.taper.sidewallAngle",): {('3.0',): {'$': TrieLeaf(ListOfLabels=['Run-80'])},
                                                                                                                                                                     ('4.0',): {'$': TrieLeaf(ListOfLabels=['Run-81'])},
                                                                                                                                                                     ('5.0',): {'$': TrieLeaf(ListOfLabels=['Run-82'])},
                                                                                                                                                                     ('6.0',): {'$': TrieLeaf(ListOfLabels=['Run-83'])},
                                                                                                                                                                     ('7.0',): {'$': TrieLeaf(ListOfLabels=['Run-84'])}}},
                                                                                    ('45.0',): {("2.2.9.2.2:materials['/Silicon/'].etchType.taper.sidewallAngle",): {('3.0',): {'$': TrieLeaf(ListOfLabels=['Run-105'])},
                                                                                                                                                                     ('4.0',): {'$': TrieLeaf(ListOfLabels=['Run-106'])},
                                                                                                                                                                     ('5.0',): {'$': TrieLeaf(ListOfLabels=['Run-107'])},
                                                                                                                                                                     ('6.0',): {'$': TrieLeaf(ListOfLabels=['Run-108'])},
                                                                                                                                                                     ('7.0',): {'$': TrieLeaf(ListOfLabels=['Run-109'])}}}}},
                                                ('-4.0',): {('2.1.15:thickness',): {('35.0',): {("2.2.9.2.2:materials['/Silicon/'].etchType.taper.sidewallAngle",): {('3.0',): {'$': TrieLeaf(ListOfLabels=['Run-0'])},
                                                                                                                                                                     ('4.0',): {'$': TrieLeaf(ListOfLabels=['Run-1'])},
                                                                                                                                                                     ('5.0',): {'$': TrieLeaf(ListOfLabels=['Run-2'])},
                                                                                                                                                                     ('6.0',): {'$': TrieLeaf(ListOfLabels=['Run-3'])},
                                                                                                                                                                     ('7.0',): {'$': TrieLeaf(ListOfLabels=['Run-4'])}}},
                                                                                    ('37.5',): {("2.2.9.2.2:materials['/Silicon/'].etchType.taper.sidewallAngle",): {('3.0',): {'$': TrieLeaf(ListOfLabels=['Run-25'])},
                                                                                                                                                                     ('4.0',): {'$': TrieLeaf(ListOfLabels=['Run-26'])},
                                                                                                                                                                     ('5.0',): {'$': TrieLeaf(ListOfLabels=['Run-27'])},
                                                                                                                                                                     ('6.0',): {'$': TrieLeaf(ListOfLabels=['Run-28'])},
                                                                                                                                                                     ('7.0',): {'$': TrieLeaf(ListOfLabels=['Run-29'])}}},
                                                                                    ('40.0',): {("2.2.9.2.2:materials['/Silicon/'].etchType.taper.sidewallAngle",): {('3.0',): {'$': TrieLeaf(ListOfLabels=['Run-50'])},
                                                                                                                                                                     ('4.0',): {'$': TrieLeaf(ListOfLabels=['Run-51'])},
                                                                                                                                                                     ('5.0',): {'$': TrieLeaf(ListOfLabels=['Run-52'])},
                                                                                                                                                                     ('6.0',): {'$': TrieLeaf(ListOfLabels=['Run-53'])},
                                                                                                                                                                     ('7.0',): {'$': TrieLeaf(ListOfLabels=['Run-54'])}}},
                                                                                    ('42.5',): {("2.2.9.2.2:materials['/Silicon/'].etchType.taper.sidewallAngle",): {('3.0',): {'$': TrieLeaf(ListOfLabels=['Run-75'])},
                                                                                                                                                                     ('4.0',): {'$': TrieLeaf(ListOfLabels=['Run-76'])},
                                                                                                                                                                     ('5.0',): {'$': TrieLeaf(ListOfLabels=['Run-77'])},
                                                                                                                                                                     ('6.0',): {'$': TrieLeaf(ListOfLabels=['Run-78'])},
                                                                                                                                                                     ('7.0',): {'$': TrieLeaf(ListOfLabels=['Run-79'])}}},
                                                                                    ('45.0',): {("2.2.9.2.2:materials['/Silicon/'].etchType.taper.sidewallAngle",): {('3.0',): {'$': TrieLeaf(ListOfLabels=['Run-100'])},
                                                                                                                                                                     ('4.0',): {'$': TrieLeaf(ListOfLabels=['Run-101'])},
                                                                                                                                                                     ('5.0',): {'$': TrieLeaf(ListOfLabels=['Run-102'])},
                                                                                                                                                                     ('6.0',): {'$': TrieLeaf(ListOfLabels=['Run-103'])},
                                                                                                                                                                     ('7.0',): {'$': TrieLeaf(ListOfLabels=['Run-104'])}}}}},
                                                ('0.0',): {('2.1.15:thickness',): {('35.0',): {("2.2.9.2.2:materials['/Silicon/'].etchType.taper.sidewallAngle",): {('3.0',): {'$': TrieLeaf(ListOfLabels=['Run-10'])},
                                                                                                                                                                    ('4.0',): {'$': TrieLeaf(ListOfLabels=['Run-11'])},
                                                                                                                                                                    ('5.0',): {'$': TrieLeaf(ListOfLabels=['Run-12'])},
                                                                                                                                                                    ('6.0',): {'$': TrieLeaf(ListOfLabels=['Run-13'])},
                                                                                                                                                                    ('7.0',): {'$': TrieLeaf(ListOfLabels=['Run-14'])}}},
                                                                                   ('37.5',): {("2.2.9.2.2:materials['/Silicon/'].etchType.taper.sidewallAngle",): {('3.0',): {'$': TrieLeaf(ListOfLabels=['Run-35'])},
                                                                                                                                                                    ('4.0',): {'$': TrieLeaf(ListOfLabels=['Run-36'])},
                                                                                                                                                                    ('5.0',): {'$': TrieLeaf(ListOfLabels=['Run-37'])},
                                                                                                                                                                    ('6.0',): {'$': TrieLeaf(ListOfLabels=['Run-38'])},
                                                                                                                                                                    ('7.0',): {'$': TrieLeaf(ListOfLabels=['Run-39'])}}},
                                                                                   ('40.0',): {("2.2.9.2.2:materials['/Silicon/'].etchType.taper.sidewallAngle",): {('3.0',): {'$': TrieLeaf(ListOfLabels=['Run-60'])},
                                                                                                                                                                    ('4.0',): {'$': TrieLeaf(ListOfLabels=['Run-61'])},
                                                                                                                                                                    ('5.0',): {'$': TrieLeaf(ListOfLabels=['Run-62'])},
                                                                                                                                                                    ('6.0',): {'$': TrieLeaf(ListOfLabels=['Run-63'])},
                                                                                                                                                                    ('7.0',): {'$': TrieLeaf(ListOfLabels=['Run-64'])}}},
                                                                                   ('42.5',): {("2.2.9.2.2:materials['/Silicon/'].etchType.taper.sidewallAngle",): {('3.0',): {'$': TrieLeaf(ListOfLabels=['Run-85'])},
                                                                                                                                                                    ('4.0',): {'$': TrieLeaf(ListOfLabels=['Run-86'])},
                                                                                                                                                                    ('5.0',): {'$': TrieLeaf(ListOfLabels=['Run-87'])},
                                                                                                                                                                    ('6.0',): {'$': TrieLeaf(ListOfLabels=['Run-88'])},
                                                                                                                                                                    ('7.0',): {'$': TrieLeaf(ListOfLabels=['Run-89'])}}},
                                                                                   ('45.0',): {("2.2.9.2.2:materials['/Silicon/'].etchType.taper.sidewallAngle",): {('3.0',): {'$': TrieLeaf(ListOfLabels=['Run-110'])},
                                                                                                                                                                    ('4.0',): {'$': TrieLeaf(ListOfLabels=['Run-111'])},
                                                                                                                                                                    ('5.0',): {'$': TrieLeaf(ListOfLabels=['Run-112'])},
                                                                                                                                                                    ('6.0',): {'$': TrieLeaf(ListOfLabels=['Run-113'])},
                                                                                                                                                                    ('7.0',): {'$': TrieLeaf(ListOfLabels=['Run-114'])}}}}},
                                                ('2.0',): {('2.1.15:thickness',): {('35.0',): {("2.2.9.2.2:materials['/Silicon/'].etchType.taper.sidewallAngle",): {('3.0',): {'$': TrieLeaf(ListOfLabels=['Run-15'])},
                                                                                                                                                                    ('4.0',): {'$': TrieLeaf(ListOfLabels=['Run-16'])},
                                                                                                                                                                    ('5.0',): {'$': TrieLeaf(ListOfLabels=['Run-17'])},
                                                                                                                                                                    ('6.0',): {'$': TrieLeaf(ListOfLabels=['Run-18'])},
                                                                                                                                                                    ('7.0',): {'$': TrieLeaf(ListOfLabels=['Run-19'])}}},
                                                                                   ('37.5',): {("2.2.9.2.2:materials['/Silicon/'].etchType.taper.sidewallAngle",): {('3.0',): {'$': TrieLeaf(ListOfLabels=['Run-40'])},
                                                                                                                                                                    ('4.0',): {'$': TrieLeaf(ListOfLabels=['Run-41'])},
                                                                                                                                                                    ('5.0',): {'$': TrieLeaf(ListOfLabels=['Run-42'])},
                                                                                                                                                                    ('6.0',): {'$': TrieLeaf(ListOfLabels=['Run-43'])},
                                                                                                                                                                    ('7.0',): {'$': TrieLeaf(ListOfLabels=['Run-44'])}}},
                                                                                   ('40.0',): {("2.2.9.2.2:materials['/Silicon/'].etchType.taper.sidewallAngle",): {('3.0',): {'$': TrieLeaf(ListOfLabels=['Run-65'])},
                                                                                                                                                                    ('4.0',): {'$': TrieLeaf(ListOfLabels=['Run-66'])},
                                                                                                                                                                    ('5.0',): {'$': TrieLeaf(ListOfLabels=['Run-67'])},
                                                                                                                                                                    ('6.0',): {'$': TrieLeaf(ListOfLabels=['Run-68'])},
                                                                                                                                                                    ('7.0',): {'$': TrieLeaf(ListOfLabels=['Run-69'])}}},
                                                                                   ('42.5',): {("2.2.9.2.2:materials['/Silicon/'].etchType.taper.sidewallAngle",): {('3.0',): {'$': TrieLeaf(ListOfLabels=['Run-90'])},
                                                                                                                                                                    ('4.0',): {'$': TrieLeaf(ListOfLabels=['Run-91'])},
                                                                                                                                                                    ('5.0',): {'$': TrieLeaf(ListOfLabels=['Run-92'])},
                                                                                                                                                                    ('6.0',): {'$': TrieLeaf(ListOfLabels=['Run-93'])},
                                                                                                                                                                    ('7.0',): {'$': TrieLeaf(ListOfLabels=['Run-94'])}}},
                                                                                   ('45.0',): {("2.2.9.2.2:materials['/Silicon/'].etchType.taper.sidewallAngle",): {('3.0',): {'$': TrieLeaf(ListOfLabels=['Run-115'])},
                                                                                                                                                                    ('4.0',): {'$': TrieLeaf(ListOfLabels=['Run-116'])},
                                                                                                                                                                    ('5.0',): {'$': TrieLeaf(ListOfLabels=['Run-117'])},
                                                                                                                                                                    ('6.0',): {'$': TrieLeaf(ListOfLabels=['Run-118'])},
                                                                                                                                                                    ('7.0',): {'$': TrieLeaf(ListOfLabels=['Run-119'])}}}}},
                                                ('4.0',): {('2.1.15:thickness',): {('35.0',): {("2.2.9.2.2:materials['/Silicon/'].etchType.taper.sidewallAngle",): {('3.0',): {'$': TrieLeaf(ListOfLabels=['Run-20'])},
                                                                                                                                                                    ('4.0',): {'$': TrieLeaf(ListOfLabels=['Run-21'])},
                                                                                                                                                                    ('5.0',): {'$': TrieLeaf(ListOfLabels=['Run-22'])},
                                                                                                                                                                    ('6.0',): {'$': TrieLeaf(ListOfLabels=['Run-23'])},
                                                                                                                                                                    ('7.0',): {'$': TrieLeaf(ListOfLabels=['Run-24'])}}},
                                                                                   ('37.5',): {("2.2.9.2.2:materials['/Silicon/'].etchType.taper.sidewallAngle",): {('3.0',): {'$': TrieLeaf(ListOfLabels=['Run-45'])},
                                                                                                                                                                    ('4.0',): {'$': TrieLeaf(ListOfLabels=['Run-46'])},
                                                                                                                                                                    ('5.0',): {'$': TrieLeaf(ListOfLabels=['Run-47'])},
                                                                                                                                                                    ('6.0',): {'$': TrieLeaf(ListOfLabels=['Run-48'])},
                                                                                                                                                                    ('7.0',): {'$': TrieLeaf(ListOfLabels=['Run-49'])}}},
                                                                                   ('40.0',): {("2.2.9.2.2:materials['/Silicon/'].etchType.taper.sidewallAngle",): {('3.0',): {'$': TrieLeaf(ListOfLabels=['Run-70'])},
                                                                                                                                                                    ('4.0',): {'$': TrieLeaf(ListOfLabels=['Run-71'])},
                                                                                                                                                                    ('5.0',): {'$': TrieLeaf(ListOfLabels=['Run-72'])},
                                                                                                                                                                    ('6.0',): {'$': TrieLeaf(ListOfLabels=['Run-73'])},
                                                                                                                                                                    ('7.0',): {'$': TrieLeaf(ListOfLabels=['Run-74'])}}},
                                                                                   ('42.5',): {("2.2.9.2.2:materials['/Silicon/'].etchType.taper.sidewallAngle",): {('3.0',): {'$': TrieLeaf(ListOfLabels=['Run-95'])},
                                                                                                                                                                    ('4.0',): {'$': TrieLeaf(ListOfLabels=['Run-96'])},
                                                                                                                                                                    ('5.0',): {'$': TrieLeaf(ListOfLabels=['Run-97'])},
                                                                                                                                                                    ('6.0',): {'$': TrieLeaf(ListOfLabels=['Run-98'])},
                                                                                                                                                                    ('7.0',): {'$': TrieLeaf(ListOfLabels=['Run-99'])}}},
                                                                                   ('45.0',): {("2.2.9.2.2:materials['/Silicon/'].etchType.taper.sidewallAngle",): {('3.0',): {'$': TrieLeaf(ListOfLabels=['Run-120'])},
                                                                                                                                                                    ('4.0',): {'$': TrieLeaf(ListOfLabels=['Run-121'])},
                                                                                                                                                                    ('5.0',): {'$': TrieLeaf(ListOfLabels=['Run-122'])},
                                                                                                                                                                    ('6.0',): {'$': TrieLeaf(ListOfLabels=['Run-123'])},
                                                                                                                                                                    ('7.0',): {'$': TrieLeaf(ListOfLabels=['Run-124'])}}}}}}}
2018-10-12 16:30:01.263; SHOW_USER; 2480; MainProcess; MainThread; Expeditor will use the default build launcher
2018-10-12 16:30:07.128; INFO; 2480; MainProcess; MainThread; Creating 4 ExpeditorProcesses
2018-10-12 21:06:53.127; INFO; 2480; MainProcess; MainThread; sending shutdown message to manager
2018-10-12 21:06:58.9; SHOW_USER; 2480; MainProcess; MainThread; Expeditor Run Time Statistics
2018-10-12 21:06:58.9; SHOW_USER; 2480; MainProcess; MainThread; ---------------------------------
2018-10-12 21:06:58.9; SHOW_USER; 2480; MainProcess; MainThread; 125 runs succeeded out of 125, 0 runs failed
2018-10-12 21:06:58.9; PROFILE; 2480; MainProcess; MainThread; RunId=Run-51, RunDuration=0:08:26 (H:M:S)
2018-10-12 21:06:58.9; PROFILE; 2480; MainProcess; MainThread; RunId=Run-50, RunDuration=0:07:58 (H:M:S)
2018-10-12 21:06:58.9; PROFILE; 2480; MainProcess; MainThread; RunId=Run-53, RunDuration=0:08:50 (H:M:S)
2018-10-12 21:06:58.9; PROFILE; 2480; MainProcess; MainThread; RunId=Run-52, RunDuration=0:08:55 (H:M:S)
2018-10-12 21:06:58.9; PROFILE; 2480; MainProcess; MainThread; RunId=Run-55, RunDuration=0:07:48 (H:M:S)
2018-10-12 21:06:58.9; PROFILE; 2480; MainProcess; MainThread; RunId=Run-54, RunDuration=0:08:38 (H:M:S)
2018-10-12 21:06:58.9; PROFILE; 2480; MainProcess; MainThread; RunId=Run-57, RunDuration=0:08:49 (H:M:S)
2018-10-12 21:06:58.9; PROFILE; 2480; MainProcess; MainThread; RunId=Run-56, RunDuration=0:08:14 (H:M:S)
2018-10-12 21:06:58.9; PROFILE; 2480; MainProcess; MainThread; RunId=Run-59, RunDuration=0:08:30 (H:M:S)
2018-10-12 21:06:58.9; PROFILE; 2480; MainProcess; MainThread; RunId=Run-58, RunDuration=0:08:34 (H:M:S)
2018-10-12 21:06:58.9; PROFILE; 2480; MainProcess; MainThread; RunId=Run-106, RunDuration=0:09:03 (H:M:S)
2018-10-12 21:06:58.9; PROFILE; 2480; MainProcess; MainThread; RunId=Run-107, RunDuration=0:09:23 (H:M:S)
2018-10-12 21:06:58.9; PROFILE; 2480; MainProcess; MainThread; RunId=Run-104, RunDuration=0:09:28 (H:M:S)
2018-10-12 21:06:58.9; PROFILE; 2480; MainProcess; MainThread; RunId=Run-105, RunDuration=0:08:59 (H:M:S)
2018-10-12 21:06:58.9; PROFILE; 2480; MainProcess; MainThread; RunId=Run-102, RunDuration=0:09:23 (H:M:S)
2018-10-12 21:06:58.9; PROFILE; 2480; MainProcess; MainThread; RunId=Run-103, RunDuration=0:09:25 (H:M:S)
2018-10-12 21:06:58.9; PROFILE; 2480; MainProcess; MainThread; RunId=Run-100, RunDuration=0:09:13 (H:M:S)
2018-10-12 21:06:58.9; PROFILE; 2480; MainProcess; MainThread; RunId=Run-101, RunDuration=0:09:17 (H:M:S)
2018-10-12 21:06:58.9; PROFILE; 2480; MainProcess; MainThread; RunId=Run-108, RunDuration=0:09:15 (H:M:S)
2018-10-12 21:06:58.9; PROFILE; 2480; MainProcess; MainThread; RunId=Run-109, RunDuration=0:09:22 (H:M:S)
2018-10-12 21:06:58.9; PROFILE; 2480; MainProcess; MainThread; RunId=Run-68, RunDuration=0:08:45 (H:M:S)
2018-10-12 21:06:58.9; PROFILE; 2480; MainProcess; MainThread; RunId=Run-69, RunDuration=0:08:49 (H:M:S)
2018-10-12 21:06:58.9; PROFILE; 2480; MainProcess; MainThread; RunId=Run-64, RunDuration=0:08:40 (H:M:S)
2018-10-12 21:06:58.9; PROFILE; 2480; MainProcess; MainThread; RunId=Run-65, RunDuration=0:08:04 (H:M:S)
2018-10-12 21:06:58.9; PROFILE; 2480; MainProcess; MainThread; RunId=Run-66, RunDuration=0:08:28 (H:M:S)
2018-10-12 21:06:58.9; PROFILE; 2480; MainProcess; MainThread; RunId=Run-67, RunDuration=0:09:05 (H:M:S)
2018-10-12 21:06:58.9; PROFILE; 2480; MainProcess; MainThread; RunId=Run-60, RunDuration=0:07:55 (H:M:S)
2018-10-12 21:06:58.9; PROFILE; 2480; MainProcess; MainThread; RunId=Run-61, RunDuration=0:08:24 (H:M:S)
2018-10-12 21:06:58.9; PROFILE; 2480; MainProcess; MainThread; RunId=Run-62, RunDuration=0:08:59 (H:M:S)
2018-10-12 21:06:58.9; PROFILE; 2480; MainProcess; MainThread; RunId=Run-63, RunDuration=0:08:38 (H:M:S)
2018-10-12 21:06:58.9; PROFILE; 2480; MainProcess; MainThread; RunId=Run-79, RunDuration=0:09:13 (H:M:S)
2018-10-12 21:06:58.9; PROFILE; 2480; MainProcess; MainThread; RunId=Run-78, RunDuration=0:09:05 (H:M:S)
2018-10-12 21:06:58.9; PROFILE; 2480; MainProcess; MainThread; RunId=Run-73, RunDuration=0:08:38 (H:M:S)
2018-10-12 21:06:58.9; PROFILE; 2480; MainProcess; MainThread; RunId=Run-72, RunDuration=0:08:52 (H:M:S)
2018-10-12 21:06:58.9; PROFILE; 2480; MainProcess; MainThread; RunId=Run-71, RunDuration=0:08:19 (H:M:S)
2018-10-12 21:06:58.9; PROFILE; 2480; MainProcess; MainThread; RunId=Run-70, RunDuration=0:08:00 (H:M:S)
2018-10-12 21:06:58.9; PROFILE; 2480; MainProcess; MainThread; RunId=Run-77, RunDuration=0:09:06 (H:M:S)
2018-10-12 21:06:58.9; PROFILE; 2480; MainProcess; MainThread; RunId=Run-76, RunDuration=0:08:49 (H:M:S)
2018-10-12 21:06:58.9; PROFILE; 2480; MainProcess; MainThread; RunId=Run-75, RunDuration=0:08:58 (H:M:S)
2018-10-12 21:06:58.9; PROFILE; 2480; MainProcess; MainThread; RunId=Run-74, RunDuration=0:08:31 (H:M:S)
2018-10-12 21:06:58.9; PROFILE; 2480; MainProcess; MainThread; RunId=Run-86, RunDuration=0:09:06 (H:M:S)
2018-10-12 21:06:58.9; PROFILE; 2480; MainProcess; MainThread; RunId=Run-87, RunDuration=0:09:49 (H:M:S)
2018-10-12 21:06:58.9; PROFILE; 2480; MainProcess; MainThread; RunId=Run-84, RunDuration=0:09:00 (H:M:S)
2018-10-12 21:06:58.9; PROFILE; 2480; MainProcess; MainThread; RunId=Run-85, RunDuration=0:09:17 (H:M:S)
2018-10-12 21:06:58.9; PROFILE; 2480; MainProcess; MainThread; RunId=Run-82, RunDuration=0:09:21 (H:M:S)
2018-10-12 21:06:58.9; PROFILE; 2480; MainProcess; MainThread; RunId=Run-83, RunDuration=0:09:04 (H:M:S)
2018-10-12 21:06:58.9; PROFILE; 2480; MainProcess; MainThread; RunId=Run-80, RunDuration=0:09:00 (H:M:S)
2018-10-12 21:06:58.9; PROFILE; 2480; MainProcess; MainThread; RunId=Run-81, RunDuration=0:08:52 (H:M:S)
2018-10-12 21:06:58.9; PROFILE; 2480; MainProcess; MainThread; RunId=Run-88, RunDuration=0:09:13 (H:M:S)
2018-10-12 21:06:58.9; PROFILE; 2480; MainProcess; MainThread; RunId=Run-89, RunDuration=0:09:19 (H:M:S)
2018-10-12 21:06:58.9; PROFILE; 2480; MainProcess; MainThread; RunId=Run-9, RunDuration=0:08:11 (H:M:S)
2018-10-12 21:06:58.9; PROFILE; 2480; MainProcess; MainThread; RunId=Run-8, RunDuration=0:07:45 (H:M:S)
2018-10-12 21:06:58.9; PROFILE; 2480; MainProcess; MainThread; RunId=Run-5, RunDuration=0:07:55 (H:M:S)
2018-10-12 21:06:58.25; PROFILE; 2480; MainProcess; MainThread; RunId=Run-4, RunDuration=0:08:00 (H:M:S)
2018-10-12 21:06:58.25; PROFILE; 2480; MainProcess; MainThread; RunId=Run-7, RunDuration=0:08:39 (H:M:S)
2018-10-12 21:06:58.25; PROFILE; 2480; MainProcess; MainThread; RunId=Run-6, RunDuration=0:08:03 (H:M:S)
2018-10-12 21:06:58.25; PROFILE; 2480; MainProcess; MainThread; RunId=Run-1, RunDuration=0:07:50 (H:M:S)
2018-10-12 21:06:58.25; PROFILE; 2480; MainProcess; MainThread; RunId=Run-0, RunDuration=0:07:40 (H:M:S)
2018-10-12 21:06:58.25; PROFILE; 2480; MainProcess; MainThread; RunId=Run-3, RunDuration=0:07:42 (H:M:S)
2018-10-12 21:06:58.25; PROFILE; 2480; MainProcess; MainThread; RunId=Run-2, RunDuration=0:08:39 (H:M:S)
2018-10-12 21:06:58.25; PROFILE; 2480; MainProcess; MainThread; RunId=Run-19, RunDuration=0:07:57 (H:M:S)
2018-10-12 21:06:58.25; PROFILE; 2480; MainProcess; MainThread; RunId=Run-18, RunDuration=0:07:42 (H:M:S)
2018-10-12 21:06:58.25; PROFILE; 2480; MainProcess; MainThread; RunId=Run-15, RunDuration=0:08:01 (H:M:S)
2018-10-12 21:06:58.25; PROFILE; 2480; MainProcess; MainThread; RunId=Run-14, RunDuration=0:08:15 (H:M:S)
2018-10-12 21:06:58.25; PROFILE; 2480; MainProcess; MainThread; RunId=Run-17, RunDuration=0:08:41 (H:M:S)
2018-10-12 21:06:58.25; PROFILE; 2480; MainProcess; MainThread; RunId=Run-16, RunDuration=0:08:08 (H:M:S)
2018-10-12 21:06:58.25; PROFILE; 2480; MainProcess; MainThread; RunId=Run-11, RunDuration=0:08:18 (H:M:S)
2018-10-12 21:06:58.25; PROFILE; 2480; MainProcess; MainThread; RunId=Run-10, RunDuration=0:08:09 (H:M:S)
2018-10-12 21:06:58.25; PROFILE; 2480; MainProcess; MainThread; RunId=Run-13, RunDuration=0:08:15 (H:M:S)
2018-10-12 21:06:58.25; PROFILE; 2480; MainProcess; MainThread; RunId=Run-12, RunDuration=0:09:00 (H:M:S)
2018-10-12 21:06:58.25; PROFILE; 2480; MainProcess; MainThread; RunId=Run-95, RunDuration=0:09:07 (H:M:S)
2018-10-12 21:06:58.25; PROFILE; 2480; MainProcess; MainThread; RunId=Run-94, RunDuration=0:09:32 (H:M:S)
2018-10-12 21:06:58.25; PROFILE; 2480; MainProcess; MainThread; RunId=Run-97, RunDuration=0:09:06 (H:M:S)
2018-10-12 21:06:58.25; PROFILE; 2480; MainProcess; MainThread; RunId=Run-96, RunDuration=0:08:52 (H:M:S)
2018-10-12 21:06:58.25; PROFILE; 2480; MainProcess; MainThread; RunId=Run-91, RunDuration=0:09:00 (H:M:S)
2018-10-12 21:06:58.25; PROFILE; 2480; MainProcess; MainThread; RunId=Run-90, RunDuration=0:09:09 (H:M:S)
2018-10-12 21:06:58.25; PROFILE; 2480; MainProcess; MainThread; RunId=Run-93, RunDuration=0:09:29 (H:M:S)
2018-10-12 21:06:58.25; PROFILE; 2480; MainProcess; MainThread; RunId=Run-92, RunDuration=0:09:34 (H:M:S)
2018-10-12 21:06:58.25; PROFILE; 2480; MainProcess; MainThread; RunId=Run-99, RunDuration=0:08:56 (H:M:S)
2018-10-12 21:06:58.25; PROFILE; 2480; MainProcess; MainThread; RunId=Run-98, RunDuration=0:09:00 (H:M:S)
2018-10-12 21:06:58.25; PROFILE; 2480; MainProcess; MainThread; RunId=Run-28, RunDuration=0:08:29 (H:M:S)
2018-10-12 21:06:58.25; PROFILE; 2480; MainProcess; MainThread; RunId=Run-29, RunDuration=0:08:12 (H:M:S)
2018-10-12 21:06:58.25; PROFILE; 2480; MainProcess; MainThread; RunId=Run-20, RunDuration=0:07:39 (H:M:S)
2018-10-12 21:06:58.25; PROFILE; 2480; MainProcess; MainThread; RunId=Run-21, RunDuration=0:07:50 (H:M:S)
2018-10-12 21:06:58.25; PROFILE; 2480; MainProcess; MainThread; RunId=Run-22, RunDuration=0:08:34 (H:M:S)
2018-10-12 21:06:58.25; PROFILE; 2480; MainProcess; MainThread; RunId=Run-23, RunDuration=0:07:41 (H:M:S)
2018-10-12 21:06:58.25; PROFILE; 2480; MainProcess; MainThread; RunId=Run-24, RunDuration=0:07:58 (H:M:S)
2018-10-12 21:06:58.25; PROFILE; 2480; MainProcess; MainThread; RunId=Run-25, RunDuration=0:08:04 (H:M:S)
2018-10-12 21:06:58.25; PROFILE; 2480; MainProcess; MainThread; RunId=Run-26, RunDuration=0:08:11 (H:M:S)
2018-10-12 21:06:58.25; PROFILE; 2480; MainProcess; MainThread; RunId=Run-27, RunDuration=0:08:32 (H:M:S)
2018-10-12 21:06:58.25; PROFILE; 2480; MainProcess; MainThread; RunId=Run-37, RunDuration=0:08:41 (H:M:S)
2018-10-12 21:06:58.25; PROFILE; 2480; MainProcess; MainThread; RunId=Run-36, RunDuration=0:08:28 (H:M:S)
2018-10-12 21:06:58.25; PROFILE; 2480; MainProcess; MainThread; RunId=Run-35, RunDuration=0:08:25 (H:M:S)
2018-10-12 21:06:58.25; PROFILE; 2480; MainProcess; MainThread; RunId=Run-34, RunDuration=0:08:19 (H:M:S)
2018-10-12 21:06:58.25; PROFILE; 2480; MainProcess; MainThread; RunId=Run-33, RunDuration=0:08:38 (H:M:S)
2018-10-12 21:06:58.25; PROFILE; 2480; MainProcess; MainThread; RunId=Run-32, RunDuration=0:08:37 (H:M:S)
2018-10-12 21:06:58.25; PROFILE; 2480; MainProcess; MainThread; RunId=Run-31, RunDuration=0:08:22 (H:M:S)
2018-10-12 21:06:58.25; PROFILE; 2480; MainProcess; MainThread; RunId=Run-30, RunDuration=0:08:17 (H:M:S)
2018-10-12 21:06:58.25; PROFILE; 2480; MainProcess; MainThread; RunId=Run-39, RunDuration=0:08:20 (H:M:S)
2018-10-12 21:06:58.25; PROFILE; 2480; MainProcess; MainThread; RunId=Run-38, RunDuration=0:08:34 (H:M:S)
2018-10-12 21:06:58.25; PROFILE; 2480; MainProcess; MainThread; RunId=Run-124, RunDuration=0:07:44 (H:M:S)
2018-10-12 21:06:58.25; PROFILE; 2480; MainProcess; MainThread; RunId=Run-120, RunDuration=0:09:08 (H:M:S)
2018-10-12 21:06:58.25; PROFILE; 2480; MainProcess; MainThread; RunId=Run-121, RunDuration=0:09:16 (H:M:S)
2018-10-12 21:06:58.25; PROFILE; 2480; MainProcess; MainThread; RunId=Run-122, RunDuration=0:09:33 (H:M:S)
2018-10-12 21:06:58.25; PROFILE; 2480; MainProcess; MainThread; RunId=Run-123, RunDuration=0:08:55 (H:M:S)
2018-10-12 21:06:58.25; PROFILE; 2480; MainProcess; MainThread; RunId=Run-42, RunDuration=0:08:45 (H:M:S)
2018-10-12 21:06:58.25; PROFILE; 2480; MainProcess; MainThread; RunId=Run-43, RunDuration=0:08:41 (H:M:S)
2018-10-12 21:06:58.25; PROFILE; 2480; MainProcess; MainThread; RunId=Run-40, RunDuration=0:08:14 (H:M:S)
2018-10-12 21:06:58.25; PROFILE; 2480; MainProcess; MainThread; RunId=Run-41, RunDuration=0:08:27 (H:M:S)
2018-10-12 21:06:58.25; PROFILE; 2480; MainProcess; MainThread; RunId=Run-46, RunDuration=0:08:20 (H:M:S)
2018-10-12 21:06:58.25; PROFILE; 2480; MainProcess; MainThread; RunId=Run-47, RunDuration=0:08:34 (H:M:S)
2018-10-12 21:06:58.25; PROFILE; 2480; MainProcess; MainThread; RunId=Run-44, RunDuration=0:08:18 (H:M:S)
2018-10-12 21:06:58.25; PROFILE; 2480; MainProcess; MainThread; RunId=Run-45, RunDuration=0:08:02 (H:M:S)
2018-10-12 21:06:58.25; PROFILE; 2480; MainProcess; MainThread; RunId=Run-48, RunDuration=0:08:39 (H:M:S)
2018-10-12 21:06:58.25; PROFILE; 2480; MainProcess; MainThread; RunId=Run-49, RunDuration=0:08:18 (H:M:S)
2018-10-12 21:06:58.25; PROFILE; 2480; MainProcess; MainThread; RunId=Run-119, RunDuration=0:09:24 (H:M:S)
2018-10-12 21:06:58.25; PROFILE; 2480; MainProcess; MainThread; RunId=Run-118, RunDuration=0:09:28 (H:M:S)
2018-10-12 21:06:58.25; PROFILE; 2480; MainProcess; MainThread; RunId=Run-111, RunDuration=0:09:18 (H:M:S)
2018-10-12 21:06:58.25; PROFILE; 2480; MainProcess; MainThread; RunId=Run-110, RunDuration=0:09:02 (H:M:S)
2018-10-12 21:06:58.25; PROFILE; 2480; MainProcess; MainThread; RunId=Run-113, RunDuration=0:09:27 (H:M:S)
2018-10-12 21:06:58.25; PROFILE; 2480; MainProcess; MainThread; RunId=Run-112, RunDuration=0:09:35 (H:M:S)
2018-10-12 21:06:58.25; PROFILE; 2480; MainProcess; MainThread; RunId=Run-115, RunDuration=0:09:19 (H:M:S)
2018-10-12 21:06:58.25; PROFILE; 2480; MainProcess; MainThread; RunId=Run-114, RunDuration=0:09:20 (H:M:S)
2018-10-12 21:06:58.25; PROFILE; 2480; MainProcess; MainThread; RunId=Run-117, RunDuration=0:09:47 (H:M:S)
2018-10-12 21:06:58.25; PROFILE; 2480; MainProcess; MainThread; RunId=Run-116, RunDuration=0:09:27 (H:M:S)
2018-10-12 21:06:58.25; PROFILE; 2480; MainProcess; MainThread; Maximum Run Duration (S)=589.236
2018-10-12 21:06:58.25; PROFILE; 2480; MainProcess; MainThread; Minimum Run Duration(S)=459.484
2018-10-12 21:06:58.25; SHOW_USER; 2480; MainProcess; MainThread; Avg. Run time = 0:08:41 (H:M:S)
2018-10-12 21:06:58.25; SHOW_USER; 2480; MainProcess; MainThread; Total time = 4:37:06 (H:M:S)
2018-10-12 21:06:58.56; INFO; 2480; MainProcess; Dummy-1; process shutting down
